c:\users\alexander winblad\source\repos\raz\debug\vc142.pdb
c:\users\alexander winblad\source\repos\raz\debug\vc142.idb
c:\users\alexander winblad\source\repos\raz\debug\windowhelper.obj
c:\users\alexander winblad\source\repos\raz\debug\pipelinehelper.obj
c:\users\alexander winblad\source\repos\raz\debug\main.obj
c:\users\alexander winblad\source\repos\raz\debug\d3d11helper.obj
c:\users\alexander winblad\source\repos\raz\debug\pixelshader.cso
c:\users\alexander winblad\source\repos\raz\debug\vertexshader.cso
c:\users\alexander winblad\source\repos\raz\debug\raz.exe
c:\users\alexander winblad\source\repos\raz\debug\raz.ilk
c:\users\alexander winblad\source\repos\raz\debug\raz.pdb
c:\users\alexander winblad\source\repos\raz\debug\raz.tlog\cl.command.1.tlog
c:\users\alexander winblad\source\repos\raz\debug\raz.tlog\cl.read.1.tlog
c:\users\alexander winblad\source\repos\raz\debug\raz.tlog\cl.write.1.tlog
c:\users\alexander winblad\source\repos\raz\debug\raz.tlog\fxc.command.1.tlog
c:\users\alexander winblad\source\repos\raz\debug\raz.tlog\fxc.read.1.tlog
c:\users\alexander winblad\source\repos\raz\debug\raz.tlog\fxc.write.1.tlog
c:\users\alexander winblad\source\repos\raz\debug\raz.tlog\link.command.1.tlog
c:\users\alexander winblad\source\repos\raz\debug\raz.tlog\link.read.1.tlog
c:\users\alexander winblad\source\repos\raz\debug\raz.tlog\link.write.1.tlog
